

Microchip MPLAB XC8 Assembler V2.36 build 20220127204148 
                                                                                               Wed Apr 27 14:06:39 2022

Microchip MPLAB XC8 C Compiler v2.36 (Free license) build 20220127204148 Og1 
     1                           	processor	16F628A
     2                           	pagewidth 120
     3                           	opt	flic
     4                           	psect	cinit,global,class=CODE,merge=1,delta=2
     5                           	psect	cstackCOMMON,global,class=COMMON,space=1,delta=1,noexec
     6                           	psect	maintext,global,class=CODE,split=1,delta=2
     7                           	psect	idloc,global,abs,ovrld,class=IDLOC,space=5,delta=2,noexec
     8                           	psect	config,global,abs,ovrld,class=CONFIG,space=4,delta=2,noexec
     9                           	dabs	1,0x7E,2
    10  0000                     
    11                           ; Version 2.40
    12                           ; Generated 17/11/2021 GMT
    13                           ; 
    14                           ; Copyright © 2021, Microchip Technology Inc. and its subsidiaries ("Microchip")
    15                           ; All rights reserved.
    16                           ; 
    17                           ; This software is developed by Microchip Technology Inc. and its subsidiaries ("Microch
      +                          ip").
    18                           ; 
    19                           ; Redistribution and use in source and binary forms, with or without modification, are
    20                           ; permitted provided that the following conditions are met:
    21                           ; 
    22                           ;     1. Redistributions of source code must retain the above copyright notice, this lis
      +                          t of
    23                           ;        conditions and the following disclaimer.
    24                           ; 
    25                           ;     2. Redistributions in binary form must reproduce the above copyright notice, this 
      +                          list
    26                           ;        of conditions and the following disclaimer in the documentation and/or other
    27                           ;        materials provided with the distribution. Publication is not required when
    28                           ;        this file is used in an embedded application.
    29                           ; 
    30                           ;     3. Microchip's name may not be used to endorse or promote products derived from th
      +                          is
    31                           ;        software without specific prior written permission.
    32                           ; 
    33                           ; THIS SOFTWARE IS PROVIDED BY MICROCHIP "AS IS" AND ANY EXPRESS OR IMPLIED WARRANTIES,
    34                           ; INCLUDING, BUT NOT LIMITED TO, THE IMPLIED WARRANTIES OF MERCHANTABILITY AND FITNESS F
      +                          OR
    35                           ; PURPOSE ARE DISCLAIMED.  IN NO EVENT SHALL MICROCHIP BE LIABLE FOR ANY DIRECT, INDIREC
      +                          T,
    36                           ; INCIDENTAL, SPECIAL, EXEMPLARY, OR CONSEQUENTIAL DAMAGES (INCLUDING BUT NOT LIMITED TO
    37                           ; PROCUREMENT OF SUBSTITUTE GOODS OR SERVICES; LOSS OF USE, DATA OR PROFITS; OR BUSINESS
    38                           ; INTERRUPTION) HOWSOEVER CAUSED AND ON ANY THEORY OF LIABILITY, WHETHER IN CONTRACT, ST
      +                          RICT
    39                           ; LIABILITY, OR TORT (INCLUDING NEGLIGENCE OR OTHERWISE) ARISING IN ANY WAY OUT OF THE U
      +                          SE OF
    40                           ; THIS SOFTWARE, EVEN IF ADVISED OF THE POSSIBILITY OF SUCH DAMAGE.
    41                           ; 
    42                           ; 
    43                           ; Code-generator required, PIC16F628A Definitions
    44                           ; 
    45                           ; SFR Addresses
    46  0000                     	;# 
    47  0001                     	;# 
    48  0002                     	;# 
    49  0003                     	;# 
    50  0004                     	;# 
    51  0005                     	;# 
    52  0006                     	;# 
    53  000A                     	;# 
    54  000B                     	;# 
    55  000C                     	;# 
    56  000E                     	;# 
    57  000E                     	;# 
    58  000F                     	;# 
    59  0010                     	;# 
    60  0011                     	;# 
    61  0012                     	;# 
    62  0015                     	;# 
    63  0015                     	;# 
    64  0016                     	;# 
    65  0017                     	;# 
    66  0018                     	;# 
    67  0019                     	;# 
    68  001A                     	;# 
    69  001F                     	;# 
    70  0081                     	;# 
    71  0085                     	;# 
    72  0086                     	;# 
    73  008C                     	;# 
    74  008E                     	;# 
    75  0092                     	;# 
    76  0098                     	;# 
    77  0099                     	;# 
    78  009A                     	;# 
    79  009B                     	;# 
    80  009C                     	;# 
    81  009D                     	;# 
    82  009F                     	;# 
    83  0000                     	;# 
    84  0001                     	;# 
    85  0002                     	;# 
    86  0003                     	;# 
    87  0004                     	;# 
    88  0005                     	;# 
    89  0006                     	;# 
    90  000A                     	;# 
    91  000B                     	;# 
    92  000C                     	;# 
    93  000E                     	;# 
    94  000E                     	;# 
    95  000F                     	;# 
    96  0010                     	;# 
    97  0011                     	;# 
    98  0012                     	;# 
    99  0015                     	;# 
   100  0015                     	;# 
   101  0016                     	;# 
   102  0017                     	;# 
   103  0018                     	;# 
   104  0019                     	;# 
   105  001A                     	;# 
   106  001F                     	;# 
   107  0081                     	;# 
   108  0085                     	;# 
   109  0086                     	;# 
   110  008C                     	;# 
   111  008E                     	;# 
   112  0092                     	;# 
   113  0098                     	;# 
   114  0099                     	;# 
   115  009A                     	;# 
   116  009B                     	;# 
   117  009C                     	;# 
   118  009D                     	;# 
   119  009F                     	;# 
   120  0005                     _PORTAbits	set	5
   121  0006                     _PORTB	set	6
   122  0005                     _PORTA	set	5
   123  001F                     _CMCON	set	31
   124  0086                     _TRISB	set	134
   125  0085                     _TRISA	set	133
   126                           
   127                           	psect	cinit
   128  07FE                     start_initialization:	
   129                           ; #config settings
   130                           
   131  07FE                     __initialization:
   132  07FE                     end_of_initialization:	
   133                           ;End of C runtime variable initialization code
   134                           
   135  07FE                     __end_of__initialization:
   136  07FE  0183               	clrf	3
   137  07FF  2FD7               	ljmp	_main	;jump to C main() function
   138                           
   139                           	psect	cstackCOMMON
   140  0070                     __pcstackCOMMON:
   141  0070                     ?_main:
   142  0070                     ??_main:	
   143                           ; 1 bytes @ 0x0
   144                           
   145                           
   146                           ; 1 bytes @ 0x0
   147  0070                     	ds	3
   148                           
   149                           	psect	maintext
   150  07D7                     __pmaintext:	
   151 ;;
   152 ;;Main: autosize = 0, tempsize = 3, incstack = 0, save=0
   153 ;;
   154 ;; *************** function _main *****************
   155 ;; Defined at:
   156 ;;		line 20 in file "628_led.c"
   157 ;; Parameters:    Size  Location     Type
   158 ;;		None
   159 ;; Auto vars:     Size  Location     Type
   160 ;;		None
   161 ;; Return value:  Size  Location     Type
   162 ;;                  1    wreg      void 
   163 ;; Registers used:
   164 ;;		wreg, status,2, status,0
   165 ;; Tracked objects:
   166 ;;		On entry : B00/0
   167 ;;		On exit  : 0/0
   168 ;;		Unchanged: 0/0
   169 ;; Data sizes:     COMMON   BANK0   BANK1   BANK2
   170 ;;      Params:         0       0       0       0
   171 ;;      Locals:         0       0       0       0
   172 ;;      Temps:          3       0       0       0
   173 ;;      Totals:         3       0       0       0
   174 ;;Total ram usage:        3 bytes
   175 ;; This function calls:
   176 ;;		Nothing
   177 ;; This function is called by:
   178 ;;		Startup code after reset
   179 ;; This function uses a non-reentrant model
   180 ;;
   181                           
   182  07D7                     _main:	
   183                           ;psect for function _main
   184                           
   185  07D7                     l614:	
   186                           ;incstack = 0
   187                           ; Regs used in _main: [wreg+status,2+status,0]
   188                           
   189  07D7  3007               	movlw	7
   190  07D8  1283               	bcf	3,5	;RP0=0, select bank0
   191  07D9  1303               	bcf	3,6	;RP1=0, select bank0
   192  07DA  009F               	movwf	31	;volatile
   193  07DB                     l616:
   194  07DB  1683               	bsf	3,5	;RP0=1, select bank1
   195  07DC  1303               	bcf	3,6	;RP1=0, select bank1
   196  07DD  0185               	clrf	5	;volatile
   197  07DE                     l618:
   198  07DE  0186               	clrf	6	;volatile
   199  07DF                     l620:
   200  07DF  1283               	bcf	3,5	;RP0=0, select bank0
   201  07E0  1303               	bcf	3,6	;RP1=0, select bank0
   202  07E1  0185               	clrf	5	;volatile
   203  07E2                     l622:
   204  07E2  0186               	clrf	6	;volatile
   205  07E3                     l624:
   206  07E3  1283               	bcf	3,5	;RP0=0, select bank0
   207  07E4  1303               	bcf	3,6	;RP1=0, select bank0
   208  07E5  0805               	movf	5,w	;volatile
   209  07E6  3901               	andlw	1
   210  07E7  00F0               	movwf	??_main
   211  07E8  3001               	movlw	1
   212  07E9  06F0               	xorwf	??_main,f
   213  07EA  0805               	movf	5,w	;volatile
   214  07EB  0670               	xorwf	??_main,w
   215  07EC  39FE               	andlw	-2
   216  07ED  0670               	xorwf	??_main,w
   217  07EE  0085               	movwf	5	;volatile
   218  07EF                     l626:
   219  07EF  300D               	movlw	13
   220  07F0  00F2               	movwf	??_main+2
   221  07F1  30AF               	movlw	175
   222  07F2  00F1               	movwf	??_main+1
   223  07F3  30B6               	movlw	182
   224  07F4  00F0               	movwf	??_main
   225  07F5                     u17:
   226  07F5  0BF0               	decfsz	??_main,f
   227  07F6  2FF5               	goto	u17
   228  07F7  0BF1               	decfsz	??_main+1,f
   229  07F8  2FF5               	goto	u17
   230  07F9  0BF2               	decfsz	??_main+2,f
   231  07FA  2FF5               	goto	u17
   232  07FB  0000               	nop
   233  07FC  2FE3               	goto	l624
   234  07FD  2800               	ljmp	start
   235  07FE                     __end_of_main:
   236  007E                     btemp	set	126	;btemp
   237  007E                     wtemp0	set	126
   238                           
   239                           	psect	idloc
   240                           
   241                           ;Config register IDLOC0 @ 0x2000
   242                           ;	unspecified, using default values
   243  2000                     	org	8192
   244  2000  3FFF               	dw	16383
   245                           
   246                           ;Config register IDLOC1 @ 0x2001
   247                           ;	unspecified, using default values
   248  2001                     	org	8193
   249  2001  3FFF               	dw	16383
   250                           
   251                           ;Config register IDLOC2 @ 0x2002
   252                           ;	unspecified, using default values
   253  2002                     	org	8194
   254  2002  3FFF               	dw	16383
   255                           
   256                           ;Config register IDLOC3 @ 0x2003
   257                           ;	unspecified, using default values
   258  2003                     	org	8195
   259  2003  3FFF               	dw	16383
   260                           
   261                           	psect	config
   262                           
   263                           ;Config register CONFIG @ 0x2007
   264                           ;	Oscillator Selection bits
   265                           ;	FOSC = HS, HS oscillator: High-speed crystal/resonator on RA6/OSC2/CLKOUT and RA7/OSC1
      +                          /CLKIN
   266                           ;	Watchdog Timer Enable bit
   267                           ;	WDTE = OFF, WDT disabled
   268                           ;	Power-up Timer Enable bit
   269                           ;	PWRTE = ON, PWRT enabled
   270                           ;	RA5/MCLR/VPP Pin Function Select bit
   271                           ;	MCLRE = ON, RA5/MCLR/VPP pin function is MCLR
   272                           ;	Brown-out Detect Enable bit
   273                           ;	BOREN = OFF, BOD disabled
   274                           ;	Low-Voltage Programming Enable bit
   275                           ;	LVP = OFF, RB4/PGM pin has digital I/O function, HV on MCLR must be used for programmi
      +                          ng
   276                           ;	Data EE Memory Code Protection bit
   277                           ;	CPD = OFF, Data memory code protection off
   278                           ;	Flash Program Memory Code Protection bit
   279                           ;	CP = OFF, Code protection off
   280  2007                     	org	8199
   281  2007  3F22               	dw	16162

Data Sizes:
    Strings     0
    Constant    0
    Data        0
    BSS         0
    Persistent  0
    Stack       0

Auto Spaces:
    Space          Size  Autos    Used
    COMMON           14      3       3
    BANK0            80      0       0
    BANK1            80      0       0
    BANK2            48      0       0

Pointer List with Targets:

    None.

Critical Paths under _main in COMMON

    None.

Critical Paths under _main in BANK0

    None.

Critical Paths under _main in BANK1

    None.

Critical Paths under _main in BANK2

    None.

Call Graph Tables:

 ---------------------------------------------------------------------------------
 (Depth) Function   	        Calls       Base Space   Used Autos Params    Refs
 ---------------------------------------------------------------------------------
 (0) _main                                                 3     3      0       0
                                              0 COMMON     3     3      0
 ---------------------------------------------------------------------------------
 Estimated maximum stack depth 0
 ---------------------------------------------------------------------------------

 Call Graph Graphs:

 _main (ROOT)

 Address spaces:
Name               Size   Autos  Total    Cost      Usage
BITCOMMON            E      0       0       0        0.0%
EEDATA              80      0       0       0        0.0%
NULL                 0      0       0       0        0.0%
CODE                 0      0       0       0        0.0%
COMMON               E      3       3       1       21.4%
BITSFR0              0      0       0       1        0.0%
SFR0                 0      0       0       1        0.0%
BITSFR1              0      0       0       2        0.0%
SFR1                 0      0       0       2        0.0%
STACK                0      0       0       2        0.0%
BANK0               50      0       0       3        0.0%
BITSFR3              0      0       0       4        0.0%
SFR3                 0      0       0       4        0.0%
ABS                  0      0       0       4        0.0%
BITBANK0            50      0       0       5        0.0%
BITSFR2              0      0       0       5        0.0%
SFR2                 0      0       0       5        0.0%
BITBANK1            50      0       0       6        0.0%
BANK1               50      0       0       7        0.0%
BITBANK2            30      0       0       8        0.0%
BANK2               30      0       0       9        0.0%
DATA                 0      0       0      10        0.0%


Microchip Technology PIC Macro Assembler V2.36 build 20220127204148 
Symbol Table                                                                                   Wed Apr 27 14:06:39 2022

                     u17 07F5                      l620 07DF                      l622 07E2  
                    l614 07D7                      l624 07E3                      l616 07DB  
                    l626 07EF                      l618 07DE                     _main 07D7  
                   btemp 007E                     start 0000                    ?_main 0070  
                  _CMCON 001F                    _PORTA 0005                    _PORTB 0006  
                  _TRISA 0085                    _TRISB 0086                    status 0003  
                  wtemp0 007E          __initialization 07FE             __end_of_main 07FE  
                 ??_main 0070  __end_of__initialization 07FE           __pcstackCOMMON 0070  
             __pmaintext 07D7     end_of_initialization 07FE                _PORTAbits 0005  
    start_initialization 07FE                ___latbits 0000  
